
[2026-01-18T19:08:13.736Z] PAYMENT ERROR:
{
  "amount": [
    "You are passing Transaction Amount in an invalid format. The amount parameter should be provided as an integer representing the decimal units of the currency. Example: Pass 100 for EGP 1 / AED 1 / PKR 1 / SAR 1, Pass 1000 for OMR 1."
  ],
  "items": {
    "amount": [
      "A valid integer is required."
    ]
  }
}

[2026-01-27T11:34:01.408Z] PAYMENT ERROR:
"connect ETIMEDOUT 81.208.166.217:443"

[2026-01-27T11:34:23.410Z] PAYMENT ERROR:
"connect ETIMEDOUT 81.208.166.217:443"

[2026-01-27T11:54:21.520Z] PAYMENT ERROR:
{
  "detail": "Looks like the secret key is invalid"
}

[2026-01-27T11:55:25.964Z] PAYMENT ERROR:
{
  "detail": "Looks like the secret key is invalid"
}

[2026-01-27T12:01:13.492Z] PAYMENT ERROR:
{
  "detail": "Looks like the secret key is invalid"
}

[2026-01-27T12:56:43.454Z] PAYMENT ERROR:
{
  "detail": "Looks like the secret key is invalid"
}

[2026-01-27T12:57:56.125Z] PAYMENT ERROR:
{
  "detail": "Looks like the secret key is invalid"
}

[2026-01-29T11:39:51.563Z] PAYMENT ERROR:
"timeout of 15000ms exceeded"

[2026-01-31T12:38:57.016Z] PAYMENT ERROR:
{
  "amount": [
    "Ensure this value is greater than or equal to 1."
  ]
}

[2026-01-31T12:42:01.364Z] PAYMENT ERROR:
{
  "amount": [
    "Ensure this value is greater than or equal to 1."
  ]
}

[2026-01-31T12:42:49.269Z] PAYMENT ERROR:
{
  "amount": [
    "Ensure this value is greater than or equal to 1."
  ]
}

[2026-01-31T12:50:10.534Z] PAYMENT ERROR:
"timeout of 15000ms exceeded"
